{"time": "2026-04-06 22:43:48,782", "name": "app.config", "level": "INFO", "message": "Request: POST http://localhost:1235/api/r1/shop/ailist", "filename": "main.py", "funcName": "log_request", "lineno": 32}
{"time": "2026-04-06 22:44:30,155", "name": "httpx", "level": "INFO", "message": "HTTP Request: POST https://dashscope.aliyuncs.com/compatible-mode/v1/chat/completions \"HTTP/1.1 200 OK\"", "filename": "_client.py", "funcName": "_send_single_request", "lineno": 1025}
{"time": "2026-04-06 22:44:32,814", "name": "httpx", "level": "INFO", "message": "HTTP Request: POST http://localhost:8080/v1/embeddings \"HTTP/1.1 200 OK\"", "filename": "_client.py", "funcName": "_send_single_request", "lineno": 1025}
{"time": "2026-04-06 22:44:35,583", "name": "httpx", "level": "INFO", "message": "HTTP Request: POST http://localhost:8080/v1/embeddings \"HTTP/1.1 200 OK\"", "filename": "_client.py", "funcName": "_send_single_request", "lineno": 1025}
{"time": "2026-04-06 22:44:51,060", "name": "httpx", "level": "INFO", "message": "HTTP Request: POST https://dashscope.aliyuncs.com/compatible-mode/v1/chat/completions \"HTTP/1.1 200 OK\"", "filename": "_client.py", "funcName": "_send_single_request", "lineno": 1025}
{"time": "2026-04-06 22:44:53,639", "name": "httpx", "level": "INFO", "message": "HTTP Request: POST http://localhost:8080/v1/embeddings \"HTTP/1.1 200 OK\"", "filename": "_client.py", "funcName": "_send_single_request", "lineno": 1025}
{"time": "2026-04-06 22:44:56,209", "name": "httpx", "level": "INFO", "message": "HTTP Request: POST http://localhost:8080/v1/embeddings \"HTTP/1.1 200 OK\"", "filename": "_client.py", "funcName": "_send_single_request", "lineno": 1025}
{"time": "2026-04-06 22:44:56,213", "name": "app.config", "level": "INFO", "message": "[{'category_path': 'Electronics > Audio > Bluetooth Speakers', 'category_id': '400011', 'embedding_similarity': 0.7109329297423365, 'keyword_score': 0.3333333333333333, 'score': 0.6354130104605359}, {'category_path': 'Electronics > Audio', 'category_id': '400010', 'embedding_similarity': 0.6562204792073876, 'keyword_score': 0.16666666666666666, 'score': 0.5583097166992435}, {'category_path': 'Electronics > Audio > Headphones', 'category_id': '400012', 'embedding_similarity': 0.5935084159703828, 'keyword_score': 0.16666666666666666, 'score': 0.5081400661096397}]", "filename": "shop.py", "funcName": "shop_product_category", "lineno": 118}
{"time": "2026-04-06 22:45:15,392", "name": "httpx", "level": "INFO", "message": "HTTP Request: POST https://dashscope.aliyuncs.com/compatible-mode/v1/chat/completions \"HTTP/1.1 200 OK\"", "filename": "_client.py", "funcName": "_send_single_request", "lineno": 1025}
{"time": "2026-04-06 22:45:30,481", "name": "httpx", "level": "INFO", "message": "HTTP Request: POST https://dashscope.aliyuncs.com/compatible-mode/v1/chat/completions \"HTTP/1.1 200 OK\"", "filename": "_client.py", "funcName": "_send_single_request", "lineno": 1025}
{"time": "2026-04-06 22:46:14,347", "name": "httpx", "level": "INFO", "message": "HTTP Request: POST https://dashscope.aliyuncs.com/compatible-mode/v1/chat/completions \"HTTP/1.1 200 OK\"", "filename": "_client.py", "funcName": "_send_single_request", "lineno": 1025}
{"time": "2026-04-06 22:46:14,376", "name": "app.config", "level": "INFO", "message": "Task completed: product_src_id=11, product_des_id=7, batch_no=None", "filename": "tasks.py", "funcName": "shop_product_generate_wrapper", "lineno": 266}
{"time": "2026-04-06 22:46:14,378", "name": "app.config", "level": "INFO", "message": "Response: 200 http://localhost:1235/api/r1/shop/ailist", "filename": "main.py", "funcName": "log_request", "lineno": 34}
{"time": "2026-04-06 22:46:14,379", "name": "app.config", "level": "INFO", "message": "Request: POST http://localhost:1235/api/r1/shop/ailist", "filename": "main.py", "funcName": "log_request", "lineno": 32}
{"time": "2026-04-06 22:46:14,379", "name": "app.config", "level": "INFO", "message": "Request: POST http://localhost:1235/api/r1/shop/ailist", "filename": "main.py", "funcName": "log_request", "lineno": 32}
{"time": "2026-04-06 22:46:37,055", "name": "httpx", "level": "INFO", "message": "HTTP Request: POST https://dashscope.aliyuncs.com/compatible-mode/v1/chat/completions \"HTTP/1.1 200 OK\"", "filename": "_client.py", "funcName": "_send_single_request", "lineno": 1025}
{"time": "2026-04-06 22:46:39,670", "name": "httpx", "level": "INFO", "message": "HTTP Request: POST http://localhost:8080/v1/embeddings \"HTTP/1.1 413 Payload Too Large\"", "filename": "_client.py", "funcName": "_send_single_request", "lineno": 1025}
{"time": "2026-04-06 22:46:42,317", "name": "httpx", "level": "INFO", "message": "HTTP Request: POST http://localhost:8080/v1/embeddings \"HTTP/1.1 200 OK\"", "filename": "_client.py", "funcName": "_send_single_request", "lineno": 1025}
{"time": "2026-04-06 22:47:07,370", "name": "httpx", "level": "INFO", "message": "HTTP Request: POST https://dashscope.aliyuncs.com/compatible-mode/v1/chat/completions \"HTTP/1.1 200 OK\"", "filename": "_client.py", "funcName": "_send_single_request", "lineno": 1025}
{"time": "2026-04-06 22:47:10,003", "name": "httpx", "level": "INFO", "message": "HTTP Request: POST http://localhost:8080/v1/embeddings \"HTTP/1.1 200 OK\"", "filename": "_client.py", "funcName": "_send_single_request", "lineno": 1025}
{"time": "2026-04-06 22:47:12,612", "name": "httpx", "level": "INFO", "message": "HTTP Request: POST http://localhost:8080/v1/embeddings \"HTTP/1.1 200 OK\"", "filename": "_client.py", "funcName": "_send_single_request", "lineno": 1025}
{"time": "2026-04-06 22:47:12,617", "name": "app.config", "level": "INFO", "message": "[{'category_path': 'Electronics > Audio > Bluetooth Speakers', 'category_id': '400011', 'embedding_similarity': 0.7123260954674463, 'keyword_score': 0.3333333333333333, 'score': 0.6365275430406238}, {'category_path': 'Electronics > Audio', 'category_id': '400010', 'embedding_similarity': 0.6756732081953637, 'keyword_score': 0.16666666666666666, 'score': 0.5738718998896243}, {'category_path': 'Electronics > Audio > Headphones', 'category_id': '400012', 'embedding_similarity': 0.6651866910455466, 'keyword_score': 0.16666666666666666, 'score': 0.5654826861697706}]", "filename": "shop.py", "funcName": "shop_product_category", "lineno": 118}
{"time": "2026-04-06 22:47:28,461", "name": "httpx", "level": "INFO", "message": "HTTP Request: POST https://dashscope.aliyuncs.com/compatible-mode/v1/chat/completions \"HTTP/1.1 200 OK\"", "filename": "_client.py", "funcName": "_send_single_request", "lineno": 1025}
{"time": "2026-04-06 22:47:43,011", "name": "httpx", "level": "INFO", "message": "HTTP Request: POST https://dashscope.aliyuncs.com/compatible-mode/v1/chat/completions \"HTTP/1.1 200 OK\"", "filename": "_client.py", "funcName": "_send_single_request", "lineno": 1025}
{"time": "2026-04-06 22:48:44,028", "name": "httpx", "level": "INFO", "message": "HTTP Request: POST https://dashscope.aliyuncs.com/compatible-mode/v1/chat/completions \"HTTP/1.1 200 OK\"", "filename": "_client.py", "funcName": "_send_single_request", "lineno": 1025}
{"time": "2026-04-06 22:48:44,045", "name": "app.config", "level": "INFO", "message": "Task completed: product_src_id=12, product_des_id=8, batch_no=None", "filename": "tasks.py", "funcName": "shop_product_generate_wrapper", "lineno": 266}
{"time": "2026-04-06 22:48:59,044", "name": "httpx", "level": "INFO", "message": "HTTP Request: POST https://dashscope.aliyuncs.com/compatible-mode/v1/chat/completions \"HTTP/1.1 200 OK\"", "filename": "_client.py", "funcName": "_send_single_request", "lineno": 1025}
{"time": "2026-04-06 22:49:01,721", "name": "httpx", "level": "INFO", "message": "HTTP Request: POST http://localhost:8080/v1/embeddings \"HTTP/1.1 413 Payload Too Large\"", "filename": "_client.py", "funcName": "_send_single_request", "lineno": 1025}
{"time": "2026-04-06 22:49:04,297", "name": "httpx", "level": "INFO", "message": "HTTP Request: POST http://localhost:8080/v1/embeddings \"HTTP/1.1 200 OK\"", "filename": "_client.py", "funcName": "_send_single_request", "lineno": 1025}
{"time": "2026-04-06 22:49:17,867", "name": "httpx", "level": "INFO", "message": "HTTP Request: POST https://dashscope.aliyuncs.com/compatible-mode/v1/chat/completions \"HTTP/1.1 200 OK\"", "filename": "_client.py", "funcName": "_send_single_request", "lineno": 1025}
{"time": "2026-04-06 22:49:20,595", "name": "httpx", "level": "INFO", "message": "HTTP Request: POST http://localhost:8080/v1/embeddings \"HTTP/1.1 200 OK\"", "filename": "_client.py", "funcName": "_send_single_request", "lineno": 1025}
{"time": "2026-04-06 22:49:23,181", "name": "httpx", "level": "INFO", "message": "HTTP Request: POST http://localhost:8080/v1/embeddings \"HTTP/1.1 200 OK\"", "filename": "_client.py", "funcName": "_send_single_request", "lineno": 1025}
{"time": "2026-04-06 22:49:23,186", "name": "app.config", "level": "INFO", "message": "[{'category_path': 'Electronics > Mobile Phones > Smartphones', 'category_id': '400002', 'embedding_similarity': 0.6667895547902384, 'keyword_score': 0.3076923076923077, 'score': 0.5949701053706523}, {'category_path': 'Electronics > Mobile Phones', 'category_id': '400001', 'embedding_similarity': 0.6320798094973551, 'keyword_score': 0.23076923076923078, 'score': 0.5518176937517303}, {'category_path': 'Electronics', 'category_id': '400000', 'embedding_similarity': 0.6092772714922224, 'keyword_score': 0.07692307692307693, 'score': 0.5028064325783934}]", "filename": "shop.py", "funcName": "shop_product_category", "lineno": 118}
{"time": "2026-04-06 22:49:42,955", "name": "httpx", "level": "INFO", "message": "HTTP Request: POST https://dashscope.aliyuncs.com/compatible-mode/v1/chat/completions \"HTTP/1.1 200 OK\"", "filename": "_client.py", "funcName": "_send_single_request", "lineno": 1025}
{"time": "2026-04-06 22:50:03,852", "name": "httpx", "level": "INFO", "message": "HTTP Request: POST https://dashscope.aliyuncs.com/compatible-mode/v1/chat/completions \"HTTP/1.1 200 OK\"", "filename": "_client.py", "funcName": "_send_single_request", "lineno": 1025}
{"time": "2026-04-06 22:50:51,835", "name": "httpx", "level": "INFO", "message": "HTTP Request: POST https://dashscope.aliyuncs.com/compatible-mode/v1/chat/completions \"HTTP/1.1 200 OK\"", "filename": "_client.py", "funcName": "_send_single_request", "lineno": 1025}
{"time": "2026-04-06 22:50:51,851", "name": "app.config", "level": "INFO", "message": "Task completed: product_src_id=13, product_des_id=9, batch_no=None", "filename": "tasks.py", "funcName": "shop_product_generate_wrapper", "lineno": 266}
{"time": "2026-04-06 22:50:51,853", "name": "app.config", "level": "INFO", "message": "Response: 200 http://localhost:1235/api/r1/shop/ailist", "filename": "main.py", "funcName": "log_request", "lineno": 34}
{"time": "2026-04-06 22:50:51,853", "name": "app.config", "level": "INFO", "message": "Response: 200 http://localhost:1235/api/r1/shop/ailist", "filename": "main.py", "funcName": "log_request", "lineno": 34}
{"time": "2026-04-06 22:56:23,344", "name": "app.config", "level": "INFO", "message": "Request: OPTIONS http://localhost:1235/api/r1/shop/ailist", "filename": "main.py", "funcName": "log_request", "lineno": 32}
{"time": "2026-04-06 22:56:23,344", "name": "app.config", "level": "INFO", "message": "Response: 200 http://localhost:1235/api/r1/shop/ailist", "filename": "main.py", "funcName": "log_request", "lineno": 34}
{"time": "2026-04-06 22:56:23,347", "name": "app.config", "level": "INFO", "message": "Request: POST http://localhost:1235/api/r1/shop/ailist", "filename": "main.py", "funcName": "log_request", "lineno": 32}
{"time": "2026-04-06 22:56:37,017", "name": "httpx", "level": "INFO", "message": "HTTP Request: POST https://dashscope.aliyuncs.com/compatible-mode/v1/chat/completions \"HTTP/1.1 200 OK\"", "filename": "_client.py", "funcName": "_send_single_request", "lineno": 1025}
{"time": "2026-04-06 22:56:39,672", "name": "httpx", "level": "INFO", "message": "HTTP Request: POST http://localhost:8080/v1/embeddings \"HTTP/1.1 200 OK\"", "filename": "_client.py", "funcName": "_send_single_request", "lineno": 1025}
{"time": "2026-04-06 22:56:42,298", "name": "httpx", "level": "INFO", "message": "HTTP Request: POST http://localhost:8080/v1/embeddings \"HTTP/1.1 200 OK\"", "filename": "_client.py", "funcName": "_send_single_request", "lineno": 1025}
{"time": "2026-04-06 22:56:55,811", "name": "httpx", "level": "INFO", "message": "HTTP Request: POST https://dashscope.aliyuncs.com/compatible-mode/v1/chat/completions \"HTTP/1.1 200 OK\"", "filename": "_client.py", "funcName": "_send_single_request", "lineno": 1025}
{"time": "2026-04-06 22:56:58,429", "name": "httpx", "level": "INFO", "message": "HTTP Request: POST http://localhost:8080/v1/embeddings \"HTTP/1.1 200 OK\"", "filename": "_client.py", "funcName": "_send_single_request", "lineno": 1025}
{"time": "2026-04-06 22:57:01,011", "name": "httpx", "level": "INFO", "message": "HTTP Request: POST http://localhost:8080/v1/embeddings \"HTTP/1.1 200 OK\"", "filename": "_client.py", "funcName": "_send_single_request", "lineno": 1025}
{"time": "2026-04-06 22:57:01,015", "name": "app.config", "level": "INFO", "message": "[{'category_path': 'Electronics > Audio > Bluetooth Speakers', 'category_id': '400011', 'embedding_similarity': 0.7109329297423365, 'keyword_score': 0.3333333333333333, 'score': 0.6354130104605359}, {'category_path': 'Electronics > Audio', 'category_id': '400010', 'embedding_similarity': 0.6562204792073876, 'keyword_score': 0.16666666666666666, 'score': 0.5583097166992435}, {'category_path': 'Electronics > Audio > Headphones', 'category_id': '400012', 'embedding_similarity': 0.5935084159703828, 'keyword_score': 0.16666666666666666, 'score': 0.5081400661096397}]", "filename": "shop.py", "funcName": "shop_product_category", "lineno": 118}
{"time": "2026-04-06 22:57:15,183", "name": "httpx", "level": "INFO", "message": "HTTP Request: POST https://dashscope.aliyuncs.com/compatible-mode/v1/chat/completions \"HTTP/1.1 200 OK\"", "filename": "_client.py", "funcName": "_send_single_request", "lineno": 1025}
{"time": "2026-04-06 22:57:29,706", "name": "httpx", "level": "INFO", "message": "HTTP Request: POST https://dashscope.aliyuncs.com/compatible-mode/v1/chat/completions \"HTTP/1.1 200 OK\"", "filename": "_client.py", "funcName": "_send_single_request", "lineno": 1025}
{"time": "2026-04-06 22:58:17,367", "name": "httpx", "level": "INFO", "message": "HTTP Request: POST https://dashscope.aliyuncs.com/compatible-mode/v1/chat/completions \"HTTP/1.1 200 OK\"", "filename": "_client.py", "funcName": "_send_single_request", "lineno": 1025}
{"time": "2026-04-06 22:58:17,382", "name": "app.config", "level": "INFO", "message": "Task completed: product_src_id=14, product_des_id=10, batch_no=None", "filename": "tasks.py", "funcName": "shop_product_generate_wrapper", "lineno": 266}
{"time": "2026-04-06 22:58:17,384", "name": "app.config", "level": "INFO", "message": "Response: 200 http://localhost:1235/api/r1/shop/ailist", "filename": "main.py", "funcName": "log_request", "lineno": 34}
{"time": "2026-04-06 23:03:03,280", "name": "app.config", "level": "INFO", "message": "Request: POST http://localhost:1235/api/r1/shop/ailist", "filename": "main.py", "funcName": "log_request", "lineno": 32}
{"time": "2026-04-06 23:03:18,039", "name": "httpx", "level": "INFO", "message": "HTTP Request: POST https://dashscope.aliyuncs.com/compatible-mode/v1/chat/completions \"HTTP/1.1 200 OK\"", "filename": "_client.py", "funcName": "_send_single_request", "lineno": 1025}
{"time": "2026-04-06 23:03:20,775", "name": "httpx", "level": "INFO", "message": "HTTP Request: POST http://localhost:8080/v1/embeddings \"HTTP/1.1 200 OK\"", "filename": "_client.py", "funcName": "_send_single_request", "lineno": 1025}
{"time": "2026-04-06 23:03:23,569", "name": "httpx", "level": "INFO", "message": "HTTP Request: POST http://localhost:8080/v1/embeddings \"HTTP/1.1 200 OK\"", "filename": "_client.py", "funcName": "_send_single_request", "lineno": 1025}
{"time": "2026-04-06 23:03:37,431", "name": "httpx", "level": "INFO", "message": "HTTP Request: POST https://dashscope.aliyuncs.com/compatible-mode/v1/chat/completions \"HTTP/1.1 200 OK\"", "filename": "_client.py", "funcName": "_send_single_request", "lineno": 1025}
{"time": "2026-04-06 23:03:40,180", "name": "httpx", "level": "INFO", "message": "HTTP Request: POST http://localhost:8080/v1/embeddings \"HTTP/1.1 200 OK\"", "filename": "_client.py", "funcName": "_send_single_request", "lineno": 1025}
{"time": "2026-04-06 23:03:42,910", "name": "httpx", "level": "INFO", "message": "HTTP Request: POST http://localhost:8080/v1/embeddings \"HTTP/1.1 200 OK\"", "filename": "_client.py", "funcName": "_send_single_request", "lineno": 1025}
{"time": "2026-04-06 23:03:42,914", "name": "app.config", "level": "INFO", "message": "[{'category_path': 'Electronics > Audio > Bluetooth Speakers', 'category_id': '400011', 'embedding_similarity': 0.7109329297423365, 'keyword_score': 0.3333333333333333, 'score': 0.6354130104605359}, {'category_path': 'Electronics > Audio', 'category_id': '400010', 'embedding_similarity': 0.6562204792073876, 'keyword_score': 0.16666666666666666, 'score': 0.5583097166992435}, {'category_path': 'Electronics > Audio > Headphones', 'category_id': '400012', 'embedding_similarity': 0.5935084159703828, 'keyword_score': 0.16666666666666666, 'score': 0.5081400661096397}]", "filename": "shop.py", "funcName": "shop_product_category", "lineno": 118}
{"time": "2026-04-06 23:03:57,383", "name": "httpx", "level": "INFO", "message": "HTTP Request: POST https://dashscope.aliyuncs.com/compatible-mode/v1/chat/completions \"HTTP/1.1 200 OK\"", "filename": "_client.py", "funcName": "_send_single_request", "lineno": 1025}
{"time": "2026-04-06 23:04:18,731", "name": "httpx", "level": "INFO", "message": "HTTP Request: POST https://dashscope.aliyuncs.com/compatible-mode/v1/chat/completions \"HTTP/1.1 200 OK\"", "filename": "_client.py", "funcName": "_send_single_request", "lineno": 1025}
{"time": "2026-04-06 23:05:16,749", "name": "httpx", "level": "INFO", "message": "HTTP Request: POST https://dashscope.aliyuncs.com/compatible-mode/v1/chat/completions \"HTTP/1.1 200 OK\"", "filename": "_client.py", "funcName": "_send_single_request", "lineno": 1025}
{"time": "2026-04-06 23:05:16,766", "name": "app.config", "level": "INFO", "message": "Task completed: product_src_id=15, product_des_id=11, batch_no=None", "filename": "tasks.py", "funcName": "shop_product_generate_wrapper", "lineno": 266}
{"time": "2026-04-06 23:05:16,769", "name": "app.config", "level": "INFO", "message": "Response: 200 http://localhost:1235/api/r1/shop/ailist", "filename": "main.py", "funcName": "log_request", "lineno": 34}
