{"time": "2026-04-06 21:24:13,680", "name": "app.config", "level": "INFO", "message": "Request: OPTIONS http://localhost:1235/api/r1/shop/ailist", "filename": "main.py", "funcName": "log_request", "lineno": 32}
{"time": "2026-04-06 21:24:13,680", "name": "app.config", "level": "INFO", "message": "Response: 200 http://localhost:1235/api/r1/shop/ailist", "filename": "main.py", "funcName": "log_request", "lineno": 34}
{"time": "2026-04-06 21:24:13,682", "name": "app.config", "level": "INFO", "message": "Request: POST http://localhost:1235/api/r1/shop/ailist", "filename": "main.py", "funcName": "log_request", "lineno": 32}
{"time": "2026-04-06 21:24:40,125", "name": "httpx", "level": "INFO", "message": "HTTP Request: POST https://dashscope.aliyuncs.com/compatible-mode/v1/chat/completions \"HTTP/1.1 200 OK\"", "filename": "_client.py", "funcName": "_send_single_request", "lineno": 1025}
{"time": "2026-04-06 21:24:42,798", "name": "httpx", "level": "INFO", "message": "HTTP Request: POST http://localhost:8000/v1/embeddings \"HTTP/1.1 405 Method Not Allowed\"", "filename": "_client.py", "funcName": "_send_single_request", "lineno": 1025}
{"time": "2026-04-06 21:24:45,435", "name": "httpx", "level": "INFO", "message": "HTTP Request: POST http://localhost:8000/v1/embeddings \"HTTP/1.1 405 Method Not Allowed\"", "filename": "_client.py", "funcName": "_send_single_request", "lineno": 1025}
{"time": "2026-04-06 21:24:58,940", "name": "httpx", "level": "INFO", "message": "HTTP Request: POST https://dashscope.aliyuncs.com/compatible-mode/v1/chat/completions \"HTTP/1.1 200 OK\"", "filename": "_client.py", "funcName": "_send_single_request", "lineno": 1025}
{"time": "2026-04-06 21:25:01,686", "name": "httpx", "level": "INFO", "message": "HTTP Request: POST http://localhost:8000/v1/embeddings \"HTTP/1.1 405 Method Not Allowed\"", "filename": "_client.py", "funcName": "_send_single_request", "lineno": 1025}
{"time": "2026-04-06 21:25:04,323", "name": "httpx", "level": "INFO", "message": "HTTP Request: POST http://localhost:8000/v1/embeddings \"HTTP/1.1 405 Method Not Allowed\"", "filename": "_client.py", "funcName": "_send_single_request", "lineno": 1025}
{"time": "2026-04-06 21:25:04,323", "name": "app.config", "level": "INFO", "message": "[{'category_path': 'Electronics > Audio > Bluetooth Speakers', 'category_id': '400011', 'embedding_similarity': 0.0, 'keyword_score': 0.2857142857142857, 'score': 0.05714285714285714}, {'category_path': 'Electronics > Audio', 'category_id': '400010', 'embedding_similarity': 0.0, 'keyword_score': 0.14285714285714285, 'score': 0.02857142857142857}, {'category_path': 'Electronics > Audio > Headphones', 'category_id': '400012', 'embedding_similarity': 0.0, 'keyword_score': 0.14285714285714285, 'score': 0.02857142857142857}]", "filename": "shop.py", "funcName": "shop_product_category", "lineno": 118}
{"time": "2026-04-06 21:25:30,693", "name": "httpx", "level": "INFO", "message": "HTTP Request: POST https://dashscope.aliyuncs.com/compatible-mode/v1/chat/completions \"HTTP/1.1 200 OK\"", "filename": "_client.py", "funcName": "_send_single_request", "lineno": 1025}
{"time": "2026-04-06 21:25:57,975", "name": "httpx", "level": "INFO", "message": "HTTP Request: POST https://dashscope.aliyuncs.com/compatible-mode/v1/chat/completions \"HTTP/1.1 200 OK\"", "filename": "_client.py", "funcName": "_send_single_request", "lineno": 1025}
{"time": "2026-04-06 21:26:29,838", "name": "httpx", "level": "INFO", "message": "HTTP Request: POST https://dashscope.aliyuncs.com/compatible-mode/v1/chat/completions \"HTTP/1.1 200 OK\"", "filename": "_client.py", "funcName": "_send_single_request", "lineno": 1025}
{"time": "2026-04-06 21:26:29,868", "name": "app.config", "level": "INFO", "message": "Task completed: product_src_id=8, product_des_id=5, batch_no=None", "filename": "tasks.py", "funcName": "shop_product_generate_wrapper", "lineno": 266}
{"time": "2026-04-06 21:26:29,872", "name": "app.config", "level": "INFO", "message": "Response: 200 http://localhost:1235/api/r1/shop/ailist", "filename": "main.py", "funcName": "log_request", "lineno": 34}
{"time": "2026-04-06 21:55:56,611", "name": "app.config", "level": "INFO", "message": "Request: OPTIONS http://localhost:1235/api/r1/shop/ailist", "filename": "main.py", "funcName": "log_request", "lineno": 32}
{"time": "2026-04-06 21:55:56,611", "name": "app.config", "level": "INFO", "message": "Response: 200 http://localhost:1235/api/r1/shop/ailist", "filename": "main.py", "funcName": "log_request", "lineno": 34}
{"time": "2026-04-06 21:55:56,613", "name": "app.config", "level": "INFO", "message": "Request: POST http://localhost:1235/api/r1/shop/ailist", "filename": "main.py", "funcName": "log_request", "lineno": 32}
{"time": "2026-04-06 21:56:13,767", "name": "httpx", "level": "INFO", "message": "HTTP Request: POST https://dashscope.aliyuncs.com/compatible-mode/v1/chat/completions \"HTTP/1.1 200 OK\"", "filename": "_client.py", "funcName": "_send_single_request", "lineno": 1025}
{"time": "2026-04-06 21:56:16,413", "name": "httpx", "level": "INFO", "message": "HTTP Request: POST http://localhost:8000/v1/embeddings \"HTTP/1.1 405 Method Not Allowed\"", "filename": "_client.py", "funcName": "_send_single_request", "lineno": 1025}
{"time": "2026-04-06 21:56:19,051", "name": "httpx", "level": "INFO", "message": "HTTP Request: POST http://localhost:8000/v1/embeddings \"HTTP/1.1 405 Method Not Allowed\"", "filename": "_client.py", "funcName": "_send_single_request", "lineno": 1025}
{"time": "2026-04-06 21:56:41,021", "name": "httpx", "level": "INFO", "message": "HTTP Request: POST https://dashscope.aliyuncs.com/compatible-mode/v1/chat/completions \"HTTP/1.1 200 OK\"", "filename": "_client.py", "funcName": "_send_single_request", "lineno": 1025}
{"time": "2026-04-06 21:56:43,688", "name": "httpx", "level": "INFO", "message": "HTTP Request: POST http://localhost:8000/v1/embeddings \"HTTP/1.1 405 Method Not Allowed\"", "filename": "_client.py", "funcName": "_send_single_request", "lineno": 1025}
{"time": "2026-04-06 21:56:46,346", "name": "httpx", "level": "INFO", "message": "HTTP Request: POST http://localhost:8000/v1/embeddings \"HTTP/1.1 405 Method Not Allowed\"", "filename": "_client.py", "funcName": "_send_single_request", "lineno": 1025}
{"time": "2026-04-06 21:56:46,346", "name": "app.config", "level": "INFO", "message": "[{'category_path': 'Electronics > Audio > Bluetooth Speakers', 'category_id': '400011', 'embedding_similarity': 0.0, 'keyword_score': 0.2857142857142857, 'score': 0.05714285714285714}, {'category_path': 'Electronics > Audio', 'category_id': '400010', 'embedding_similarity': 0.0, 'keyword_score': 0.14285714285714285, 'score': 0.02857142857142857}, {'category_path': 'Electronics > Audio > Headphones', 'category_id': '400012', 'embedding_similarity': 0.0, 'keyword_score': 0.14285714285714285, 'score': 0.02857142857142857}]", "filename": "shop.py", "funcName": "shop_product_category", "lineno": 118}
{"time": "2026-04-06 21:57:07,187", "name": "httpx", "level": "INFO", "message": "HTTP Request: POST https://dashscope.aliyuncs.com/compatible-mode/v1/chat/completions \"HTTP/1.1 200 OK\"", "filename": "_client.py", "funcName": "_send_single_request", "lineno": 1025}
{"time": "2026-04-06 21:57:25,249", "name": "httpx", "level": "INFO", "message": "HTTP Request: POST https://dashscope.aliyuncs.com/compatible-mode/v1/chat/completions \"HTTP/1.1 200 OK\"", "filename": "_client.py", "funcName": "_send_single_request", "lineno": 1025}
{"time": "2026-04-06 21:58:00,319", "name": "httpx", "level": "INFO", "message": "HTTP Request: POST https://dashscope.aliyuncs.com/compatible-mode/v1/chat/completions \"HTTP/1.1 200 OK\"", "filename": "_client.py", "funcName": "_send_single_request", "lineno": 1025}
{"time": "2026-04-06 21:58:00,336", "name": "app.config", "level": "INFO", "message": "Task completed: product_src_id=9, product_des_id=6, batch_no=None", "filename": "tasks.py", "funcName": "shop_product_generate_wrapper", "lineno": 266}
{"time": "2026-04-06 21:58:00,339", "name": "app.config", "level": "INFO", "message": "Response: 200 http://localhost:1235/api/r1/shop/ailist", "filename": "main.py", "funcName": "log_request", "lineno": 34}
{"time": "2026-04-06 22:41:43,686", "name": "app.config", "level": "INFO", "message": "Request: OPTIONS http://localhost:1235/api/r1/shop/ailist", "filename": "main.py", "funcName": "log_request", "lineno": 32}
{"time": "2026-04-06 22:41:43,686", "name": "app.config", "level": "INFO", "message": "Response: 200 http://localhost:1235/api/r1/shop/ailist", "filename": "main.py", "funcName": "log_request", "lineno": 34}
{"time": "2026-04-06 22:41:43,688", "name": "app.config", "level": "INFO", "message": "Request: POST http://localhost:1235/api/r1/shop/ailist", "filename": "main.py", "funcName": "log_request", "lineno": 32}
{"time": "2026-04-06 22:42:27,057", "name": "httpx", "level": "INFO", "message": "HTTP Request: POST https://dashscope.aliyuncs.com/compatible-mode/v1/chat/completions \"HTTP/1.1 200 OK\"", "filename": "_client.py", "funcName": "_send_single_request", "lineno": 1025}
{"time": "2026-04-06 22:42:29,755", "name": "httpx", "level": "INFO", "message": "HTTP Request: POST http://localhost:8000/v1/embeddings \"HTTP/1.1 405 Method Not Allowed\"", "filename": "_client.py", "funcName": "_send_single_request", "lineno": 1025}
{"time": "2026-04-06 22:42:32,441", "name": "httpx", "level": "INFO", "message": "HTTP Request: POST http://localhost:8000/v1/embeddings \"HTTP/1.1 405 Method Not Allowed\"", "filename": "_client.py", "funcName": "_send_single_request", "lineno": 1025}
{"time": "2026-04-06 22:42:49,946", "name": "httpx", "level": "INFO", "message": "HTTP Request: POST https://dashscope.aliyuncs.com/compatible-mode/v1/chat/completions \"HTTP/1.1 200 OK\"", "filename": "_client.py", "funcName": "_send_single_request", "lineno": 1025}
{"time": "2026-04-06 22:42:52,690", "name": "httpx", "level": "INFO", "message": "HTTP Request: POST http://localhost:8000/v1/embeddings \"HTTP/1.1 405 Method Not Allowed\"", "filename": "_client.py", "funcName": "_send_single_request", "lineno": 1025}
{"time": "2026-04-06 22:42:55,331", "name": "httpx", "level": "INFO", "message": "HTTP Request: POST http://localhost:8000/v1/embeddings \"HTTP/1.1 405 Method Not Allowed\"", "filename": "_client.py", "funcName": "_send_single_request", "lineno": 1025}
{"time": "2026-04-06 22:42:55,336", "name": "app.config", "level": "INFO", "message": "[{'category_path': 'Electronics > Audio > Bluetooth Speakers', 'category_id': '400011', 'embedding_similarity': 0.0, 'keyword_score': 0.2857142857142857, 'score': 0.05714285714285714}, {'category_path': 'Electronics > Audio', 'category_id': '400010', 'embedding_similarity': 0.0, 'keyword_score': 0.14285714285714285, 'score': 0.02857142857142857}, {'category_path': 'Electronics > Audio > Headphones', 'category_id': '400012', 'embedding_similarity': 0.0, 'keyword_score': 0.14285714285714285, 'score': 0.02857142857142857}]", "filename": "shop.py", "funcName": "shop_product_category", "lineno": 118}
{"time": "2026-04-06 22:43:16,740", "name": "httpx", "level": "INFO", "message": "HTTP Request: POST https://dashscope.aliyuncs.com/compatible-mode/v1/chat/completions \"HTTP/1.1 200 OK\"", "filename": "_client.py", "funcName": "_send_single_request", "lineno": 1025}
{"time": "2026-04-06 22:43:33,256", "name": "httpx", "level": "INFO", "message": "HTTP Request: POST https://dashscope.aliyuncs.com/compatible-mode/v1/chat/completions \"HTTP/1.1 200 OK\"", "filename": "_client.py", "funcName": "_send_single_request", "lineno": 1025}
